<?xml version="1.0" encoding="UTF-8" ?>
<testsuite tests="12" failures="0" name="com.hyperwallet.tasks.TasksServicesImplTest" time="2.639" errors="0" skipped="0">
  <properties>
[...]
</properties>
  <testcase classname="com.hyperwallet.tasks.TasksServicesImplTest" name="testGetTaskWithEmptyTaskId" time="2.596"/>
  <testcase classname="com.hyperwallet.tasks.TasksServicesImplTest" name="testGetTasks" time="0.027"/>
  <testcase classname="com.hyperwallet.tasks.TasksServicesImplTest" name="testAddTask" time="0.005"/>
  <testcase classname="com.hyperwallet.tasks.TasksServicesImplTest" name="testUpdateTask" time="0.004"/>
  <testcase classname="com.hyperwallet.tasks.TasksServicesImplTest" name="testAddingExistingTask" time="0.002"/>
  <testcase classname="com.hyperwallet.tasks.TasksServicesImplTest" name="testGetTask" time="0.001"/>
  <testcase classname="com.hyperwallet.tasks.TasksServicesImplTest" name="testUpdateTaskWithNewTask" time="0.001"/>
  <testcase classname="com.hyperwallet.tasks.TasksServicesImplTest" name="testDeleteTaskWithInvalidTaskId" time="0.001"/>
  <testcase classname="com.hyperwallet.tasks.TasksServicesImplTest" name="testGetTaskWithNullTaskId" time="0"/>
  <testcase classname="com.hyperwallet.tasks.TasksServicesImplTest" name="testGetEmptyTasks" time="0.001"/>
  <testcase classname="com.hyperwallet.tasks.TasksServicesImplTest" name="testDeleteTask" time="0"/>
  <testcase classname="com.hyperwallet.tasks.TasksServicesImplTest" name="testGetTaskWithInvalidTaskId" time="0.001"/>
</testsuite>